[DEBUG][21-01-28][org.apache.ibatis.logging.LogFactory]Logging initialized using 'class org.apache.ibatis.logging.log4j.Log4jImpl' adapter.
[DEBUG][21-01-28][org.apache.ibatis.logging.LogFactory]Logging initialized using 'class org.apache.ibatis.logging.log4j.Log4jImpl' adapter.
[DEBUG][21-01-28][org.apache.ibatis.datasource.pooled.PooledDataSource]PooledDataSource forcefully closed/removed all connections.
[DEBUG][21-01-28][org.apache.ibatis.datasource.pooled.PooledDataSource]PooledDataSource forcefully closed/removed all connections.
[DEBUG][21-01-28][org.apache.ibatis.datasource.pooled.PooledDataSource]PooledDataSource forcefully closed/removed all connections.
[DEBUG][21-01-28][org.apache.ibatis.datasource.pooled.PooledDataSource]PooledDataSource forcefully closed/removed all connections.
[DEBUG][21-01-28][org.apache.ibatis.transaction.jdbc.JdbcTransaction]Opening JDBC Connection
[DEBUG][21-01-28][org.apache.ibatis.datasource.pooled.PooledDataSource]Created connection 726379593.
[DEBUG][21-01-28][com.wzq.dao.UserMapper.findUserById]==>  Preparing: select * from user where id = ?
[DEBUG][21-01-28][com.wzq.dao.UserMapper.findUserById]==> Parameters: 1(Integer)
[DEBUG][21-01-28][com.wzq.dao.UserMapper.findUserById]<==      Total: 0
[DEBUG][21-01-28][org.apache.ibatis.transaction.jdbc.JdbcTransaction]Closing JDBC Connection [com.mysql.cj.jdbc.ConnectionImpl@2b4bac49]
[DEBUG][21-01-28][org.apache.ibatis.datasource.pooled.PooledDataSource]Returned connection 726379593 to pool.
[DEBUG][21-01-28][org.apache.ibatis.logging.LogFactory]Logging initialized using 'class org.apache.ibatis.logging.log4j.Log4jImpl' adapter.
[DEBUG][21-01-28][org.apache.ibatis.logging.LogFactory]Logging initialized using 'class org.apache.ibatis.logging.log4j.Log4jImpl' adapter.
[DEBUG][21-01-28][org.apache.ibatis.datasource.pooled.PooledDataSource]PooledDataSource forcefully closed/removed all connections.
[DEBUG][21-01-28][org.apache.ibatis.datasource.pooled.PooledDataSource]PooledDataSource forcefully closed/removed all connections.
[DEBUG][21-01-28][org.apache.ibatis.datasource.pooled.PooledDataSource]PooledDataSource forcefully closed/removed all connections.
[DEBUG][21-01-28][org.apache.ibatis.datasource.pooled.PooledDataSource]PooledDataSource forcefully closed/removed all connections.
[DEBUG][21-01-28][org.apache.ibatis.transaction.jdbc.JdbcTransaction]Opening JDBC Connection
[DEBUG][21-01-28][org.apache.ibatis.datasource.pooled.PooledDataSource]Created connection 726379593.
[DEBUG][21-01-28][com.wzq.dao.UserMapper.findUserById]==>  Preparing: select * from user where id = ?
[DEBUG][21-01-28][com.wzq.dao.UserMapper.findUserById]==> Parameters: 5(Integer)
[DEBUG][21-01-28][com.wzq.dao.UserMapper.findUserById]<==      Total: 1
[DEBUG][21-01-28][org.apache.ibatis.transaction.jdbc.JdbcTransaction]Closing JDBC Connection [com.mysql.cj.jdbc.ConnectionImpl@2b4bac49]
[DEBUG][21-01-28][org.apache.ibatis.datasource.pooled.PooledDataSource]Returned connection 726379593 to pool.
[DEBUG][21-01-28][org.apache.ibatis.logging.LogFactory]Logging initialized using 'class org.apache.ibatis.logging.log4j.Log4jImpl' adapter.
[DEBUG][21-01-28][org.apache.ibatis.logging.LogFactory]Logging initialized using 'class org.apache.ibatis.logging.log4j.Log4jImpl' adapter.
[DEBUG][21-01-28][org.apache.ibatis.datasource.pooled.PooledDataSource]PooledDataSource forcefully closed/removed all connections.
[DEBUG][21-01-28][org.apache.ibatis.datasource.pooled.PooledDataSource]PooledDataSource forcefully closed/removed all connections.
[DEBUG][21-01-28][org.apache.ibatis.datasource.pooled.PooledDataSource]PooledDataSource forcefully closed/removed all connections.
[DEBUG][21-01-28][org.apache.ibatis.datasource.pooled.PooledDataSource]PooledDataSource forcefully closed/removed all connections.
[DEBUG][21-01-28][org.apache.ibatis.transaction.jdbc.JdbcTransaction]Opening JDBC Connection
[DEBUG][21-01-28][org.apache.ibatis.datasource.pooled.PooledDataSource]Created connection 726379593.
[DEBUG][21-01-28][com.wzq.dao.UserMapper.findUserById]==>  Preparing: select * from user where id = ?
[DEBUG][21-01-28][com.wzq.dao.UserMapper.findUserById]==> Parameters: 5(Integer)
[DEBUG][21-01-28][com.wzq.dao.UserMapper.findUserById]<==      Total: 1
[DEBUG][21-01-28][org.apache.ibatis.transaction.jdbc.JdbcTransaction]Closing JDBC Connection [com.mysql.cj.jdbc.ConnectionImpl@2b4bac49]
[DEBUG][21-01-28][org.apache.ibatis.datasource.pooled.PooledDataSource]Returned connection 726379593 to pool.
[DEBUG][21-01-28][org.apache.ibatis.logging.LogFactory]Logging initialized using 'class org.apache.ibatis.logging.log4j.Log4jImpl' adapter.
[DEBUG][21-01-28][org.apache.ibatis.logging.LogFactory]Logging initialized using 'class org.apache.ibatis.logging.log4j.Log4jImpl' adapter.
[DEBUG][21-01-28][org.apache.ibatis.datasource.pooled.PooledDataSource]PooledDataSource forcefully closed/removed all connections.
[DEBUG][21-01-28][org.apache.ibatis.datasource.pooled.PooledDataSource]PooledDataSource forcefully closed/removed all connections.
[DEBUG][21-01-28][org.apache.ibatis.datasource.pooled.PooledDataSource]PooledDataSource forcefully closed/removed all connections.
[DEBUG][21-01-28][org.apache.ibatis.datasource.pooled.PooledDataSource]PooledDataSource forcefully closed/removed all connections.
[DEBUG][21-01-28][org.apache.ibatis.transaction.jdbc.JdbcTransaction]Opening JDBC Connection
[DEBUG][21-01-28][org.apache.ibatis.datasource.pooled.PooledDataSource]Created connection 726379593.
[DEBUG][21-01-28][com.wzq.dao.UserMapper.findUserById]==>  Preparing: select * from user where id = ?
[DEBUG][21-01-28][com.wzq.dao.UserMapper.findUserById]==> Parameters: 5(Integer)
[DEBUG][21-01-28][com.wzq.dao.UserMapper.findUserById]<==      Total: 1
[DEBUG][21-01-28][org.apache.ibatis.transaction.jdbc.JdbcTransaction]Closing JDBC Connection [com.mysql.cj.jdbc.ConnectionImpl@2b4bac49]
[DEBUG][21-01-28][org.apache.ibatis.datasource.pooled.PooledDataSource]Returned connection 726379593 to pool.
[DEBUG][21-01-28][org.apache.ibatis.logging.LogFactory]Logging initialized using 'class org.apache.ibatis.logging.log4j.Log4jImpl' adapter.
[DEBUG][21-01-28][org.apache.ibatis.logging.LogFactory]Logging initialized using 'class org.apache.ibatis.logging.log4j.Log4jImpl' adapter.
[DEBUG][21-01-28][org.apache.ibatis.datasource.pooled.PooledDataSource]PooledDataSource forcefully closed/removed all connections.
[DEBUG][21-01-28][org.apache.ibatis.datasource.pooled.PooledDataSource]PooledDataSource forcefully closed/removed all connections.
[DEBUG][21-01-28][org.apache.ibatis.datasource.pooled.PooledDataSource]PooledDataSource forcefully closed/removed all connections.
[DEBUG][21-01-28][org.apache.ibatis.datasource.pooled.PooledDataSource]PooledDataSource forcefully closed/removed all connections.
[DEBUG][21-01-28][org.apache.ibatis.transaction.jdbc.JdbcTransaction]Opening JDBC Connection
[DEBUG][21-01-28][org.apache.ibatis.datasource.pooled.PooledDataSource]Created connection 726379593.
[DEBUG][21-01-28][com.wzq.dao.UserMapper.findUserById]==>  Preparing: select * from user where id = ?
[DEBUG][21-01-28][com.wzq.dao.UserMapper.findUserById]==> Parameters: 5(Integer)
[DEBUG][21-01-28][com.wzq.dao.UserMapper.findUserById]<==      Total: 1
[DEBUG][21-01-28][com.wzq.dao.UserMapper.findUserById]==>  Preparing: select * from user where id = ?
[DEBUG][21-01-28][com.wzq.dao.UserMapper.findUserById]==> Parameters: 6(Integer)
[DEBUG][21-01-28][com.wzq.dao.UserMapper.findUserById]<==      Total: 1
[DEBUG][21-01-28][org.apache.ibatis.transaction.jdbc.JdbcTransaction]Closing JDBC Connection [com.mysql.cj.jdbc.ConnectionImpl@2b4bac49]
[DEBUG][21-01-28][org.apache.ibatis.datasource.pooled.PooledDataSource]Returned connection 726379593 to pool.
